0:0:0:0:0:0:0:1%0 - - [31/Jul/2014:22:14:14 +0800] "GET / HTTP/1.1" 200 1122
0:0:0:0:0:0:0:1%0 - - [31/Jul/2014:22:14:14 +0800] "GET /css/bootstrap.min.css HTTP/1.1" 200 83044
0:0:0:0:0:0:0:1%0 - - [31/Jul/2014:22:14:18 +0800] "GET /?form HTTP/1.1" 200 1158
0:0:0:0:0:0:0:1%0 - - [31/Jul/2014:22:14:18 +0800] "GET /css/bootstrap.min.css HTTP/1.1" 304 -
0:0:0:0:0:0:0:1%0 - - [31/Jul/2014:22:14:22 +0800] "POST /?form HTTP/1.1" 302 -
0:0:0:0:0:0:0:1%0 - - [31/Jul/2014:22:14:22 +0800] "GET /1;jsessionid=6C160CC0C5C1910BCD8F9C826F4C42A5 HTTP/1.1" 200 1106
0:0:0:0:0:0:0:1%0 - - [31/Jul/2014:22:14:22 +0800] "GET /css/bootstrap.min.css HTTP/1.1" 304 -
0:0:0:0:0:0:0:1%0 - - [31/Jul/2014:22:14:26 +0800] "GET / HTTP/1.1" 200 1197
0:0:0:0:0:0:0:1%0 - - [31/Jul/2014:22:14:26 +0800] "GET /css/bootstrap.min.css HTTP/1.1" 304 -
0:0:0:0:0:0:0:1%0 - - [31/Jul/2014:22:14:33 +0800] "GET /1 HTTP/1.1" 200 1033
0:0:0:0:0:0:0:1%0 - - [31/Jul/2014:22:14:33 +0800] "GET /css/bootstrap.min.css HTTP/1.1" 304 -
0:0:0:0:0:0:0:1%0 - - [31/Jul/2014:22:14:34 +0800] "GET / HTTP/1.1" 200 1197
0:0:0:0:0:0:0:1%0 - - [31/Jul/2014:22:14:35 +0800] "GET /?form HTTP/1.1" 200 1158
0:0:0:0:0:0:0:1%0 - - [31/Jul/2014:22:14:39 +0800] "POST /?form HTTP/1.1" 302 -
0:0:0:0:0:0:0:1%0 - - [31/Jul/2014:22:14:39 +0800] "GET /2 HTTP/1.1" 200 1108
0:0:0:0:0:0:0:1%0 - - [31/Jul/2014:22:14:39 +0800] "GET /css/bootstrap.min.css HTTP/1.1" 304 -
0:0:0:0:0:0:0:1%0 - - [31/Jul/2014:22:14:43 +0800] "GET / HTTP/1.1" 200 1377
0:0:0:0:0:0:0:1%0 - - [31/Jul/2014:22:33:15 +0800] "GET / HTTP/1.1" 200 1122
0:0:0:0:0:0:0:1%0 - - [31/Jul/2014:22:33:15 +0800] "GET /css/bootstrap.min.css HTTP/1.1" 200 83044
0:0:0:0:0:0:0:1%0 - - [31/Jul/2014:22:33:15 +0800] "GET /favicon.ico HTTP/1.1" 200 2862
127.0.0.1 - - [31/Jul/2014:23:01:08 +0800] "GET /css/bootstrap.min.css HTTP/1.1" 200 83044
127.0.0.1 - - [31/Jul/2014:23:01:09 +0800] "GET / HTTP/1.1" 200 1122
127.0.0.1 - - [31/Jul/2014:23:01:09 +0800] "POST / HTTP/1.1" 302 -
